# JRE version: OpenJDK Runtime Environment Temurin-21.0.7+6 (21.0.7+6) (build 21.0.7+6-LTS)
# Java VM: OpenJDK 64-Bit Server VM Temurin-21.0.7+6 (21.0.7+6-LTS, mixed mode, sharing, tiered, compressed oops, compressed class ptrs, parallel gc, windows-amd64)
GC Precious Log:
 CardTable entry size: 512
 CPUs: 8 total, 8 available
 Memory: 7937M
 Large Page Support: Disabled
 NUMA Support: Disabled
 Compressed Oops: Enabled (32-bit)
 Alignments: Space 512K, Generation 512K, Heap 2M
 Heap Min Capacity: 100M
 Heap Initial Capacity: 100M
 Heap Max Capacity: 1G
 Pre-touch: Disabled
 Parallel Workers: 8
Heap:
 PSYoungGen      total 20992K, used 14217K [0x00000000eab00000, 0x00000000ec180000, 0x0000000100000000)
  eden space 19968K, 66% used [0x00000000eab00000,0x00000000eb7e86d8,0x00000000ebe80000)
  from space 1024K, 97% used [0x00000000ebe80000,0x00000000ebf7a0f8,0x00000000ebf80000)
  to   space 1536K, 0% used [0x00000000ec000000,0x00000000ec000000,0x00000000ec180000)
 ParOldGen       total 68608K, used 30135K [0x00000000c0000000, 0x00000000c4300000, 0x00000000eab00000)
  object space 68608K, 43% used [0x00000000c0000000,0x00000000c1d6dc00,0x00000000c4300000)
 Metaspace       used 41552K, committed 42624K, reserved 1114112K
  class space    used 4024K, committed 4544K, reserved 1048576K
GC Heap History (20 events):
Event: 7.574 GC heap before
{Heap before GC invocations=16 (full 1):
 PSYoungGen      total 22528K, used 22404K [0x00000000eab00000, 0x00000000ec400000, 0x0000000100000000)
  eden space 20480K, 100% used [0x00000000eab00000,0x00000000ebf00000,0x00000000ebf00000)
  from space 2048K, 93% used [0x00000000ec200000,0x00000000ec3e1000,0x00000000ec400000)
  to   space 2560K, 0% used [0x00000000ebf00000,0x00000000ebf00000,0x00000000ec180000)
 ParOldGen       total 68608K, used 22075K [0x00000000c0000000, 0x00000000c4300000, 0x00000000eab00000)
  object space 68608K, 32% used [0x00000000c0000000,0x00000000c158eef8,0x00000000c4300000)
 Metaspace       used 32268K, committed 33280K, reserved 1114112K
  class space    used 3185K, committed 3648K, reserved 1048576K
}
Event: 7.581 GC heap after
{Heap after GC invocations=16 (full 1):
 PSYoungGen      total 23040K, used 2176K [0x00000000eab00000, 0x00000000ec400000, 0x0000000100000000)
  eden space 20480K, 0% used [0x00000000eab00000,0x00000000eab00000,0x00000000ebf00000)
  from space 2560K, 85% used [0x00000000ebf00000,0x00000000ec120010,0x00000000ec180000)
  to   space 2560K, 0% used [0x00000000ec180000,0x00000000ec180000,0x00000000ec400000)
 ParOldGen       total 68608K, used 23917K [0x00000000c0000000, 0x00000000c4300000, 0x00000000eab00000)
  object space 68608K, 34% used [0x00000000c0000000,0x00000000c175b540,0x00000000c4300000)
 Metaspace       used 32268K, committed 33280K, reserved 1114112K
  class space    used 3185K, committed 3648K, reserved 1048576K
}
Event: 7.679 GC heap before
{Heap before GC invocations=17 (full 1):
 PSYoungGen      total 23040K, used 22656K [0x00000000eab00000, 0x00000000ec400000, 0x0000000100000000)
  eden space 20480K, 100% used [0x00000000eab00000,0x00000000ebf00000,0x00000000ebf00000)
  from space 2560K, 85% used [0x00000000ebf00000,0x00000000ec120010,0x00000000ec180000)
  to   space 2560K, 0% used [0x00000000ec180000,0x00000000ec180000,0x00000000ec400000)
 ParOldGen       total 68608K, used 23917K [0x00000000c0000000, 0x00000000c4300000, 0x00000000eab00000)
  object space 68608K, 34% used [0x00000000c0000000,0x00000000c175b540,0x00000000c4300000)
 Metaspace       used 32347K, committed 33408K, reserved 1114112K
  class space    used 3185K, committed 3648K, reserved 1048576K
}
Event: 7.686 GC heap after
{Heap after GC invocations=17 (full 1):
 PSYoungGen      total 22528K, used 1880K [0x00000000eab00000, 0x00000000ec380000, 0x0000000100000000)
  eden space 20480K, 0% used [0x00000000eab00000,0x00000000eab00000,0x00000000ebf00000)
  from space 2048K, 91% used [0x00000000ec180000,0x00000000ec356200,0x00000000ec380000)
  to   space 2048K, 0% used [0x00000000ebf80000,0x00000000ebf80000,0x00000000ec180000)
 ParOldGen       total 68608K, used 25965K [0x00000000c0000000, 0x00000000c4300000, 0x00000000eab00000)
  object space 68608K, 37% used [0x00000000c0000000,0x00000000c195b550,0x00000000c4300000)
 Metaspace       used 32347K, committed 33408K, reserved 1114112K
  class space    used 3185K, committed 3648K, reserved 1048576K
}
Event: 7.889 GC heap before
{Heap before GC invocations=18 (full 1):
 PSYoungGen      total 22528K, used 22360K [0x00000000eab00000, 0x00000000ec380000, 0x0000000100000000)
  eden space 20480K, 100% used [0x00000000eab00000,0x00000000ebf00000,0x00000000ebf00000)
  from space 2048K, 91% used [0x00000000ec180000,0x00000000ec356200,0x00000000ec380000)
  to   space 2048K, 0% used [0x00000000ebf80000,0x00000000ebf80000,0x00000000ec180000)
 ParOldGen       total 68608K, used 25965K [0x00000000c0000000, 0x00000000c4300000, 0x00000000eab00000)
  object space 68608K, 37% used [0x00000000c0000000,0x00000000c195b550,0x00000000c4300000)
 Metaspace       used 32977K, committed 33920K, reserved 1114112K
  class space    used 3260K, committed 3712K, reserved 1048576K
}
Event: 7.896 GC heap after
{Heap after GC invocations=18 (full 1):
 PSYoungGen      total 22528K, used 1701K [0x00000000eab00000, 0x00000000ec300000, 0x0000000100000000)
  eden space 20480K, 0% used [0x00000000eab00000,0x00000000eab00000,0x00000000ebf00000)
  from space 2048K, 83% used [0x00000000ebf80000,0x00000000ec129790,0x00000000ec180000)
  to   space 1536K, 0% used [0x00000000ec180000,0x00000000ec180000,0x00000000ec300000)
 ParOldGen       total 68608K, used 27789K [0x00000000c0000000, 0x00000000c4300000, 0x00000000eab00000)
  object space 68608K, 40% used [0x00000000c0000000,0x00000000c1b23750,0x00000000c4300000)
 Metaspace       used 32977K, committed 33920K, reserved 1114112K
  class space    used 3260K, committed 3712K, reserved 1048576K
}
Event: 8.541 GC heap before
{Heap before GC invocations=19 (full 1):
 PSYoungGen      total 22528K, used 18058K [0x00000000eab00000, 0x00000000ec300000, 0x0000000100000000)
  eden space 20480K, 79% used [0x00000000eab00000,0x00000000ebaf93c0,0x00000000ebf00000)
  from space 2048K, 83% used [0x00000000ebf80000,0x00000000ec129790,0x00000000ec180000)
  to   space 1536K, 0% used [0x00000000ec180000,0x00000000ec180000,0x00000000ec300000)
 ParOldGen       total 68608K, used 27789K [0x00000000c0000000, 0x00000000c4300000, 0x00000000eab00000)
  object space 68608K, 40% used [0x00000000c0000000,0x00000000c1b23750,0x00000000c4300000)
 Metaspace       used 34803K, committed 35840K, reserved 1114112K
  class space    used 3465K, committed 3968K, reserved 1048576K
}
Event: 8.549 GC heap after
{Heap after GC invocations=19 (full 1):
 PSYoungGen      total 21504K, used 660K [0x00000000eab00000, 0x00000000ec280000, 0x0000000100000000)
  eden space 20480K, 0% used [0x00000000eab00000,0x00000000eab00000,0x00000000ebf00000)
  from space 1024K, 64% used [0x00000000ec180000,0x00000000ec2253d8,0x00000000ec280000)
  to   space 1536K, 0% used [0x00000000ebf80000,0x00000000ebf80000,0x00000000ec100000)
 ParOldGen       total 68608K, used 29290K [0x00000000c0000000, 0x00000000c4300000, 0x00000000eab00000)
  object space 68608K, 42% used [0x00000000c0000000,0x00000000c1c9a808,0x00000000c4300000)
 Metaspace       used 34803K, committed 35840K, reserved 1114112K
  class space    used 3465K, committed 3968K, reserved 1048576K
}
Event: 8.549 GC heap before
{Heap before GC invocations=20 (full 2):
 PSYoungGen      total 21504K, used 660K [0x00000000eab00000, 0x00000000ec280000, 0x0000000100000000)
  eden space 20480K, 0% used [0x00000000eab00000,0x00000000eab00000,0x00000000ebf00000)
  from space 1024K, 64% used [0x00000000ec180000,0x00000000ec2253d8,0x00000000ec280000)
  to   space 1536K, 0% used [0x00000000ebf80000,0x00000000ebf80000,0x00000000ec100000)
 ParOldGen       total 68608K, used 29290K [0x00000000c0000000, 0x00000000c4300000, 0x00000000eab00000)
  object space 68608K, 42% used [0x00000000c0000000,0x00000000c1c9a808,0x00000000c4300000)
 Metaspace       used 34803K, committed 35840K, reserved 1114112K
  class space    used 3465K, committed 3968K, reserved 1048576K
}
Event: 8.624 GC heap after
{Heap after GC invocations=20 (full 2):
 PSYoungGen      total 21504K, used 0K [0x00000000eab00000, 0x00000000ec280000, 0x0000000100000000)
  eden space 20480K, 0% used [0x00000000eab00000,0x00000000eab00000,0x00000000ebf00000)
  from space 1024K, 0% used [0x00000000ec180000,0x00000000ec180000,0x00000000ec280000)
  to   space 1536K, 0% used [0x00000000ebf80000,0x00000000ebf80000,0x00000000ec100000)
 ParOldGen       total 68608K, used 28175K [0x00000000c0000000, 0x00000000c4300000, 0x00000000eab00000)
  object space 68608K, 41% used [0x00000000c0000000,0x00000000c1b83f80,0x00000000c4300000)
 Metaspace       used 34768K, committed 35840K, reserved 1114112K
  class space    used 3455K, committed 3968K, reserved 1048576K
}
Event: 9.286 GC heap before
{Heap before GC invocations=21 (full 2):
 PSYoungGen      total 21504K, used 20480K [0x00000000eab00000, 0x00000000ec280000, 0x0000000100000000)
  eden space 20480K, 100% used [0x00000000eab00000,0x00000000ebf00000,0x00000000ebf00000)
  from space 1024K, 0% used [0x00000000ec180000,0x00000000ec180000,0x00000000ec280000)
  to   space 1536K, 0% used [0x00000000ebf80000,0x00000000ebf80000,0x00000000ec100000)
 ParOldGen       total 68608K, used 28175K [0x00000000c0000000, 0x00000000c4300000, 0x00000000eab00000)
  object space 68608K, 41% used [0x00000000c0000000,0x00000000c1b83f80,0x00000000c4300000)
 Metaspace       used 36114K, committed 37056K, reserved 1114112K
  class space    used 3572K, committed 4032K, reserved 1048576K
}
Event: 9.287 GC heap after
{Heap after GC invocations=21 (full 2):
 PSYoungGen      total 22016K, used 416K [0x00000000eab00000, 0x00000000ec200000, 0x0000000100000000)
  eden space 20480K, 0% used [0x00000000eab00000,0x00000000eab00000,0x00000000ebf00000)
  from space 1536K, 27% used [0x00000000ebf80000,0x00000000ebfe8000,0x00000000ec100000)
  to   space 1024K, 0% used [0x00000000ec100000,0x00000000ec100000,0x00000000ec200000)
 ParOldGen       total 68608K, used 28183K [0x00000000c0000000, 0x00000000c4300000, 0x00000000eab00000)
  object space 68608K, 41% used [0x00000000c0000000,0x00000000c1b85f80,0x00000000c4300000)
 Metaspace       used 36114K, committed 37056K, reserved 1114112K
  class space    used 3572K, committed 4032K, reserved 1048576K
}
Event: 9.507 GC heap before
{Heap before GC invocations=22 (full 2):
 PSYoungGen      total 22016K, used 20896K [0x00000000eab00000, 0x00000000ec200000, 0x0000000100000000)
  eden space 20480K, 100% used [0x00000000eab00000,0x00000000ebf00000,0x00000000ebf00000)
  from space 1536K, 27% used [0x00000000ebf80000,0x00000000ebfe8000,0x00000000ec100000)
  to   space 1024K, 0% used [0x00000000ec100000,0x00000000ec100000,0x00000000ec200000)
 ParOldGen       total 68608K, used 28183K [0x00000000c0000000, 0x00000000c4300000, 0x00000000eab00000)
  object space 68608K, 41% used [0x00000000c0000000,0x00000000c1b85f80,0x00000000c4300000)
 Metaspace       used 36539K, committed 37568K, reserved 1114112K
  class space    used 3612K, committed 4096K, reserved 1048576K
}
Event: 9.509 GC heap after
{Heap after GC invocations=22 (full 2):
 PSYoungGen      total 21504K, used 1023K [0x00000000eab00000, 0x00000000ec300000, 0x0000000100000000)
  eden space 20480K, 0% used [0x00000000eab00000,0x00000000eab00000,0x00000000ebf00000)
  from space 1024K, 99% used [0x00000000ec100000,0x00000000ec1fff90,0x00000000ec200000)
  to   space 2048K, 0% used [0x00000000ebf00000,0x00000000ebf00000,0x00000000ec100000)
 ParOldGen       total 68608K, used 28898K [0x00000000c0000000, 0x00000000c4300000, 0x00000000eab00000)
  object space 68608K, 42% used [0x00000000c0000000,0x00000000c1c38ac8,0x00000000c4300000)
 Metaspace       used 36539K, committed 37568K, reserved 1114112K
  class space    used 3612K, committed 4096K, reserved 1048576K
}
Event: 9.653 GC heap before
{Heap before GC invocations=23 (full 2):
 PSYoungGen      total 21504K, used 21503K [0x00000000eab00000, 0x00000000ec300000, 0x0000000100000000)
  eden space 20480K, 100% used [0x00000000eab00000,0x00000000ebf00000,0x00000000ebf00000)
  from space 1024K, 99% used [0x00000000ec100000,0x00000000ec1fff90,0x00000000ec200000)
  to   space 2048K, 0% used [0x00000000ebf00000,0x00000000ebf00000,0x00000000ec100000)
 ParOldGen       total 68608K, used 28898K [0x00000000c0000000, 0x00000000c4300000, 0x00000000eab00000)
  object space 68608K, 42% used [0x00000000c0000000,0x00000000c1c38ac8,0x00000000c4300000)
 Metaspace       used 37260K, committed 38272K, reserved 1114112K
  class space    used 3675K, committed 4160K, reserved 1048576K
}
Event: 9.654 GC heap after
{Heap after GC invocations=23 (full 2):
 PSYoungGen      total 20992K, used 160K [0x00000000eab00000, 0x00000000ec180000, 0x0000000100000000)
  eden space 20480K, 0% used [0x00000000eab00000,0x00000000eab00000,0x00000000ebf00000)
  from space 512K, 31% used [0x00000000ebf00000,0x00000000ebf28000,0x00000000ebf80000)
  to   space 1024K, 0% used [0x00000000ec080000,0x00000000ec080000,0x00000000ec180000)
 ParOldGen       total 68608K, used 29122K [0x00000000c0000000, 0x00000000c4300000, 0x00000000eab00000)
  object space 68608K, 42% used [0x00000000c0000000,0x00000000c1c70ac8,0x00000000c4300000)
 Metaspace       used 37260K, committed 38272K, reserved 1114112K
  class space    used 3675K, committed 4160K, reserved 1048576K
}
Event: 10.244 GC heap before
{Heap before GC invocations=24 (full 2):
 PSYoungGen      total 20992K, used 20640K [0x00000000eab00000, 0x00000000ec180000, 0x0000000100000000)
  eden space 20480K, 100% used [0x00000000eab00000,0x00000000ebf00000,0x00000000ebf00000)
  from space 512K, 31% used [0x00000000ebf00000,0x00000000ebf28000,0x00000000ebf80000)
  to   space 1024K, 0% used [0x00000000ec080000,0x00000000ec080000,0x00000000ec180000)
 ParOldGen       total 68608K, used 29122K [0x00000000c0000000, 0x00000000c4300000, 0x00000000eab00000)
  object space 68608K, 42% used [0x00000000c0000000,0x00000000c1c70ac8,0x00000000c4300000)
 Metaspace       used 39098K, committed 40128K, reserved 1114112K
  class space    used 3851K, committed 4352K, reserved 1048576K
}
Event: 10.247 GC heap after
{Heap after GC invocations=24 (full 2):
 PSYoungGen      total 20992K, used 1018K [0x00000000eab00000, 0x00000000ec300000, 0x0000000100000000)
  eden space 19968K, 0% used [0x00000000eab00000,0x00000000eab00000,0x00000000ebe80000)
  from space 1024K, 99% used [0x00000000ec080000,0x00000000ec17e8c8,0x00000000ec180000)
  to   space 2048K, 0% used [0x00000000ebe80000,0x00000000ebe80000,0x00000000ec080000)
 ParOldGen       total 68608K, used 29454K [0x00000000c0000000, 0x00000000c4300000, 0x00000000eab00000)
  object space 68608K, 42% used [0x00000000c0000000,0x00000000c1cc3be0,0x00000000c4300000)
 Metaspace       used 39098K, committed 40128K, reserved 1114112K
  class space    used 3851K, committed 4352K, reserved 1048576K
}
Event: 26.808 GC heap before
{Heap before GC invocations=25 (full 2):
 PSYoungGen      total 20992K, used 20920K [0x00000000eab00000, 0x00000000ec300000, 0x0000000100000000)
  eden space 19968K, 99% used [0x00000000eab00000,0x00000000ebe6f910,0x00000000ebe80000)
  from space 1024K, 99% used [0x00000000ec080000,0x00000000ec17e8c8,0x00000000ec180000)
  to   space 2048K, 0% used [0x00000000ebe80000,0x00000000ebe80000,0x00000000ec080000)
 ParOldGen       total 68608K, used 29454K [0x00000000c0000000, 0x00000000c4300000, 0x00000000eab00000)
  object space 68608K, 42% used [0x00000000c0000000,0x00000000c1cc3be0,0x00000000c4300000)
 Metaspace       used 40131K, committed 41152K, reserved 1114112K
  class space    used 3932K, committed 4416K, reserved 1048576K
}
Event: 26.812 GC heap after
{Heap after GC invocations=25 (full 2):
 PSYoungGen      total 20992K, used 1000K [0x00000000eab00000, 0x00000000ec180000, 0x0000000100000000)
  eden space 19968K, 0% used [0x00000000eab00000,0x00000000eab00000,0x00000000ebe80000)
  from space 1024K, 97% used [0x00000000ebe80000,0x00000000ebf7a0f8,0x00000000ebf80000)
  to   space 1536K, 0% used [0x00000000ec000000,0x00000000ec000000,0x00000000ec180000)
 ParOldGen       total 68608K, used 30135K [0x00000000c0000000, 0x00000000c4300000, 0x00000000eab00000)
  object space 68608K, 43% used [0x00000000c0000000,0x00000000c1d6dc00,0x00000000c4300000)
 Metaspace       used 40131K, committed 41152K, reserved 1114112K
  class space    used 3932K, committed 4416K, reserved 1048576K
}

