# JRE version: OpenJDK Runtime Environment Temurin-21.0.7+6 (21.0.7+6) (build 21.0.7+6-LTS)
# Java VM: OpenJDK 64-Bit Server VM Temurin-21.0.7+6 (21.0.7+6-LTS, mixed mode, sharing, tiered, compressed oops, compressed class ptrs, parallel gc, windows-amd64)
GC Precious Log:
 CardTable entry size: 512
 CPUs: 8 total, 8 available
 Memory: 7937M
 Large Page Support: Disabled
 NUMA Support: Disabled
 Compressed Oops: Enabled (32-bit)
 Alignments: Space 512K, Generation 512K, Heap 2M
 Heap Min Capacity: 100M
 Heap Initial Capacity: 100M
 Heap Max Capacity: 1G
 Pre-touch: Disabled
 Parallel Workers: 8
Heap:
 PSYoungGen      total 2560K, used 2400K [0x00000000eab00000, 0x00000000eae80000, 0x0000000100000000)
  eden space 2048K, 100% used [0x00000000eab00000,0x00000000ead00000,0x00000000ead00000)
  from space 512K, 68% used [0x00000000ead00000,0x00000000ead58000,0x00000000ead80000)
  to   space 512K, 0% used [0x00000000eae00000,0x00000000eae00000,0x00000000eae80000)
 ParOldGen       total 544768K, used 544364K [0x00000000c0000000, 0x00000000e1400000, 0x00000000eab00000)
  object space 544768K, 99% used [0x00000000c0000000,0x00000000e139b158,0x00000000e1400000)
 Metaspace       used 65835K, committed 67392K, reserved 1114112K
  class space    used 6618K, committed 7296K, reserved 1048576K
GC Heap History (20 events):
Event: 45.031 GC heap before
{Heap before GC invocations=1013 (full 3):
 PSYoungGen      total 2560K, used 2540K [0x00000000eab00000, 0x00000000eaf00000, 0x0000000100000000)
  eden space 2048K, 100% used [0x00000000eab00000,0x00000000ead00000,0x00000000ead00000)
  from space 512K, 96% used [0x00000000ead00000,0x00000000ead7b008,0x00000000ead80000)
  to   space 1024K, 0% used [0x00000000eae00000,0x00000000eae00000,0x00000000eaf00000)
 ParOldGen       total 541696K, used 541370K [0x00000000c0000000, 0x00000000e1100000, 0x00000000eab00000)
  object space 541696K, 99% used [0x00000000c0000000,0x00000000e10aebc0,0x00000000e1100000)
 Metaspace       used 65827K, committed 67392K, reserved 1114112K
  class space    used 6618K, committed 7296K, reserved 1048576K
}
Event: 45.034 GC heap after
{Heap after GC invocations=1013 (full 3):
 PSYoungGen      total 2560K, used 320K [0x00000000eab00000, 0x00000000eae80000, 0x0000000100000000)
  eden space 2048K, 0% used [0x00000000eab00000,0x00000000eab00000,0x00000000ead00000)
  from space 512K, 62% used [0x00000000eae00000,0x00000000eae50000,0x00000000eae80000)
  to   space 512K, 0% used [0x00000000ead00000,0x00000000ead00000,0x00000000ead80000)
 ParOldGen       total 542208K, used 541726K [0x00000000c0000000, 0x00000000e1180000, 0x00000000eab00000)
  object space 542208K, 99% used [0x00000000c0000000,0x00000000e1107bc8,0x00000000e1180000)
 Metaspace       used 65827K, committed 67392K, reserved 1114112K
  class space    used 6618K, committed 7296K, reserved 1048576K
}
Event: 45.054 GC heap before
{Heap before GC invocations=1014 (full 3):
 PSYoungGen      total 2560K, used 2368K [0x00000000eab00000, 0x00000000eae80000, 0x0000000100000000)
  eden space 2048K, 100% used [0x00000000eab00000,0x00000000ead00000,0x00000000ead00000)
  from space 512K, 62% used [0x00000000eae00000,0x00000000eae50000,0x00000000eae80000)
  to   space 512K, 0% used [0x00000000ead00000,0x00000000ead00000,0x00000000ead80000)
 ParOldGen       total 542208K, used 541726K [0x00000000c0000000, 0x00000000e1180000, 0x00000000eab00000)
  object space 542208K, 99% used [0x00000000c0000000,0x00000000e1107bc8,0x00000000e1180000)
 Metaspace       used 65827K, committed 67392K, reserved 1114112K
  class space    used 6618K, committed 7296K, reserved 1048576K
}
Event: 45.057 GC heap after
{Heap after GC invocations=1014 (full 3):
 PSYoungGen      total 2560K, used 320K [0x00000000eab00000, 0x00000000eae80000, 0x0000000100000000)
  eden space 2048K, 0% used [0x00000000eab00000,0x00000000eab00000,0x00000000ead00000)
  from space 512K, 62% used [0x00000000ead00000,0x00000000ead50000,0x00000000ead80000)
  to   space 512K, 0% used [0x00000000eae00000,0x00000000eae00000,0x00000000eae80000)
 ParOldGen       total 542208K, used 541974K [0x00000000c0000000, 0x00000000e1180000, 0x00000000eab00000)
  object space 542208K, 99% used [0x00000000c0000000,0x00000000e1145bc8,0x00000000e1180000)
 Metaspace       used 65827K, committed 67392K, reserved 1114112K
  class space    used 6618K, committed 7296K, reserved 1048576K
}
Event: 45.075 GC heap before
{Heap before GC invocations=1015 (full 3):
 PSYoungGen      total 2560K, used 2368K [0x00000000eab00000, 0x00000000eae80000, 0x0000000100000000)
  eden space 2048K, 100% used [0x00000000eab00000,0x00000000ead00000,0x00000000ead00000)
  from space 512K, 62% used [0x00000000ead00000,0x00000000ead50000,0x00000000ead80000)
  to   space 512K, 0% used [0x00000000eae00000,0x00000000eae00000,0x00000000eae80000)
 ParOldGen       total 542208K, used 541974K [0x00000000c0000000, 0x00000000e1180000, 0x00000000eab00000)
  object space 542208K, 99% used [0x00000000c0000000,0x00000000e1145bc8,0x00000000e1180000)
 Metaspace       used 65827K, committed 67392K, reserved 1114112K
  class space    used 6618K, committed 7296K, reserved 1048576K
}
Event: 45.078 GC heap after
{Heap after GC invocations=1015 (full 3):
 PSYoungGen      total 2560K, used 384K [0x00000000eab00000, 0x00000000eae80000, 0x0000000100000000)
  eden space 2048K, 0% used [0x00000000eab00000,0x00000000eab00000,0x00000000ead00000)
  from space 512K, 75% used [0x00000000eae00000,0x00000000eae60000,0x00000000eae80000)
  to   space 512K, 0% used [0x00000000ead00000,0x00000000ead00000,0x00000000ead80000)
 ParOldGen       total 542720K, used 542238K [0x00000000c0000000, 0x00000000e1200000, 0x00000000eab00000)
  object space 542720K, 99% used [0x00000000c0000000,0x00000000e1187bc8,0x00000000e1200000)
 Metaspace       used 65827K, committed 67392K, reserved 1114112K
  class space    used 6618K, committed 7296K, reserved 1048576K
}
Event: 45.098 GC heap before
{Heap before GC invocations=1016 (full 3):
 PSYoungGen      total 2560K, used 2432K [0x00000000eab00000, 0x00000000eae80000, 0x0000000100000000)
  eden space 2048K, 100% used [0x00000000eab00000,0x00000000ead00000,0x00000000ead00000)
  from space 512K, 75% used [0x00000000eae00000,0x00000000eae60000,0x00000000eae80000)
  to   space 512K, 0% used [0x00000000ead00000,0x00000000ead00000,0x00000000ead80000)
 ParOldGen       total 542720K, used 542238K [0x00000000c0000000, 0x00000000e1200000, 0x00000000eab00000)
  object space 542720K, 99% used [0x00000000c0000000,0x00000000e1187bc8,0x00000000e1200000)
 Metaspace       used 65827K, committed 67392K, reserved 1114112K
  class space    used 6618K, committed 7296K, reserved 1048576K
}
Event: 45.100 GC heap after
{Heap after GC invocations=1016 (full 3):
 PSYoungGen      total 2560K, used 352K [0x00000000eab00000, 0x00000000eae80000, 0x0000000100000000)
  eden space 2048K, 0% used [0x00000000eab00000,0x00000000eab00000,0x00000000ead00000)
  from space 512K, 68% used [0x00000000ead00000,0x00000000ead58000,0x00000000ead80000)
  to   space 512K, 0% used [0x00000000eae00000,0x00000000eae00000,0x00000000eae80000)
 ParOldGen       total 542720K, used 542486K [0x00000000c0000000, 0x00000000e1200000, 0x00000000eab00000)
  object space 542720K, 99% used [0x00000000c0000000,0x00000000e11c5bc8,0x00000000e1200000)
 Metaspace       used 65827K, committed 67392K, reserved 1114112K
  class space    used 6618K, committed 7296K, reserved 1048576K
}
Event: 45.125 GC heap before
{Heap before GC invocations=1017 (full 3):
 PSYoungGen      total 2560K, used 2400K [0x00000000eab00000, 0x00000000eae80000, 0x0000000100000000)
  eden space 2048K, 100% used [0x00000000eab00000,0x00000000ead00000,0x00000000ead00000)
  from space 512K, 68% used [0x00000000ead00000,0x00000000ead58000,0x00000000ead80000)
  to   space 512K, 0% used [0x00000000eae00000,0x00000000eae00000,0x00000000eae80000)
 ParOldGen       total 542720K, used 542486K [0x00000000c0000000, 0x00000000e1200000, 0x00000000eab00000)
  object space 542720K, 99% used [0x00000000c0000000,0x00000000e11c5bc8,0x00000000e1200000)
 Metaspace       used 65827K, committed 67392K, reserved 1114112K
  class space    used 6618K, committed 7296K, reserved 1048576K
}
Event: 45.127 GC heap after
{Heap after GC invocations=1017 (full 3):
 PSYoungGen      total 2560K, used 320K [0x00000000eab00000, 0x00000000eae80000, 0x0000000100000000)
  eden space 2048K, 0% used [0x00000000eab00000,0x00000000eab00000,0x00000000ead00000)
  from space 512K, 62% used [0x00000000eae00000,0x00000000eae50000,0x00000000eae80000)
  to   space 512K, 0% used [0x00000000ead00000,0x00000000ead00000,0x00000000ead80000)
 ParOldGen       total 543232K, used 542772K [0x00000000c0000000, 0x00000000e1280000, 0x00000000eab00000)
  object space 543232K, 99% used [0x00000000c0000000,0x00000000e120d1d8,0x00000000e1280000)
 Metaspace       used 65827K, committed 67392K, reserved 1114112K
  class space    used 6618K, committed 7296K, reserved 1048576K
}
Event: 45.144 GC heap before
{Heap before GC invocations=1018 (full 3):
 PSYoungGen      total 2560K, used 2354K [0x00000000eab00000, 0x00000000eae80000, 0x0000000100000000)
  eden space 2048K, 99% used [0x00000000eab00000,0x00000000eacfcaf8,0x00000000ead00000)
  from space 512K, 62% used [0x00000000eae00000,0x00000000eae50000,0x00000000eae80000)
  to   space 512K, 0% used [0x00000000ead00000,0x00000000ead00000,0x00000000ead80000)
 ParOldGen       total 543232K, used 542772K [0x00000000c0000000, 0x00000000e1280000, 0x00000000eab00000)
  object space 543232K, 99% used [0x00000000c0000000,0x00000000e120d1d8,0x00000000e1280000)
 Metaspace       used 65827K, committed 67392K, reserved 1114112K
  class space    used 6618K, committed 7296K, reserved 1048576K
}
Event: 45.147 GC heap after
{Heap after GC invocations=1018 (full 3):
 PSYoungGen      total 2560K, used 384K [0x00000000eab00000, 0x00000000eae80000, 0x0000000100000000)
  eden space 2048K, 0% used [0x00000000eab00000,0x00000000eab00000,0x00000000ead00000)
  from space 512K, 75% used [0x00000000ead00000,0x00000000ead60000,0x00000000ead80000)
  to   space 512K, 0% used [0x00000000eae00000,0x00000000eae00000,0x00000000eae80000)
 ParOldGen       total 543232K, used 543044K [0x00000000c0000000, 0x00000000e1280000, 0x00000000eab00000)
  object space 543232K, 99% used [0x00000000c0000000,0x00000000e12511d8,0x00000000e1280000)
 Metaspace       used 65827K, committed 67392K, reserved 1114112K
  class space    used 6618K, committed 7296K, reserved 1048576K
}
Event: 45.175 GC heap before
{Heap before GC invocations=1019 (full 3):
 PSYoungGen      total 2560K, used 2432K [0x00000000eab00000, 0x00000000eae80000, 0x0000000100000000)
  eden space 2048K, 100% used [0x00000000eab00000,0x00000000ead00000,0x00000000ead00000)
  from space 512K, 75% used [0x00000000ead00000,0x00000000ead60000,0x00000000ead80000)
  to   space 512K, 0% used [0x00000000eae00000,0x00000000eae00000,0x00000000eae80000)
 ParOldGen       total 543232K, used 543044K [0x00000000c0000000, 0x00000000e1280000, 0x00000000eab00000)
  object space 543232K, 99% used [0x00000000c0000000,0x00000000e12511d8,0x00000000e1280000)
 Metaspace       used 65827K, committed 67392K, reserved 1114112K
  class space    used 6618K, committed 7296K, reserved 1048576K
}
Event: 45.179 GC heap after
{Heap after GC invocations=1019 (full 3):
 PSYoungGen      total 2560K, used 288K [0x00000000eab00000, 0x00000000eae80000, 0x0000000100000000)
  eden space 2048K, 0% used [0x00000000eab00000,0x00000000eab00000,0x00000000ead00000)
  from space 512K, 56% used [0x00000000eae00000,0x00000000eae48000,0x00000000eae80000)
  to   space 512K, 0% used [0x00000000ead00000,0x00000000ead00000,0x00000000ead80000)
 ParOldGen       total 543744K, used 543292K [0x00000000c0000000, 0x00000000e1300000, 0x00000000eab00000)
  object space 543744K, 99% used [0x00000000c0000000,0x00000000e128f1d8,0x00000000e1300000)
 Metaspace       used 65827K, committed 67392K, reserved 1114112K
  class space    used 6618K, committed 7296K, reserved 1048576K
}
Event: 45.202 GC heap before
{Heap before GC invocations=1020 (full 3):
 PSYoungGen      total 2560K, used 2336K [0x00000000eab00000, 0x00000000eae80000, 0x0000000100000000)
  eden space 2048K, 100% used [0x00000000eab00000,0x00000000ead00000,0x00000000ead00000)
  from space 512K, 56% used [0x00000000eae00000,0x00000000eae48000,0x00000000eae80000)
  to   space 512K, 0% used [0x00000000ead00000,0x00000000ead00000,0x00000000ead80000)
 ParOldGen       total 543744K, used 543292K [0x00000000c0000000, 0x00000000e1300000, 0x00000000eab00000)
  object space 543744K, 99% used [0x00000000c0000000,0x00000000e128f1d8,0x00000000e1300000)
 Metaspace       used 65827K, committed 67392K, reserved 1114112K
  class space    used 6618K, committed 7296K, reserved 1048576K
}
Event: 45.206 GC heap after
{Heap after GC invocations=1020 (full 3):
 PSYoungGen      total 2560K, used 256K [0x00000000eab00000, 0x00000000eae80000, 0x0000000100000000)
  eden space 2048K, 0% used [0x00000000eab00000,0x00000000eab00000,0x00000000ead00000)
  from space 512K, 50% used [0x00000000ead00000,0x00000000ead40000,0x00000000ead80000)
  to   space 512K, 0% used [0x00000000eae00000,0x00000000eae00000,0x00000000eae80000)
 ParOldGen       total 543744K, used 543540K [0x00000000c0000000, 0x00000000e1300000, 0x00000000eab00000)
  object space 543744K, 99% used [0x00000000c0000000,0x00000000e12cd1d8,0x00000000e1300000)
 Metaspace       used 65827K, committed 67392K, reserved 1114112K
  class space    used 6618K, committed 7296K, reserved 1048576K
}
Event: 45.220 GC heap before
{Heap before GC invocations=1021 (full 3):
 PSYoungGen      total 2560K, used 2304K [0x00000000eab00000, 0x00000000eae80000, 0x0000000100000000)
  eden space 2048K, 100% used [0x00000000eab00000,0x00000000ead00000,0x00000000ead00000)
  from space 512K, 50% used [0x00000000ead00000,0x00000000ead40000,0x00000000ead80000)
  to   space 512K, 0% used [0x00000000eae00000,0x00000000eae00000,0x00000000eae80000)
 ParOldGen       total 543744K, used 543540K [0x00000000c0000000, 0x00000000e1300000, 0x00000000eab00000)
  object space 543744K, 99% used [0x00000000c0000000,0x00000000e12cd1d8,0x00000000e1300000)
 Metaspace       used 65827K, committed 67392K, reserved 1114112K
  class space    used 6618K, committed 7296K, reserved 1048576K
}
Event: 45.224 GC heap after
{Heap after GC invocations=1021 (full 3):
 PSYoungGen      total 2560K, used 352K [0x00000000eab00000, 0x00000000eae80000, 0x0000000100000000)
  eden space 2048K, 0% used [0x00000000eab00000,0x00000000eab00000,0x00000000ead00000)
  from space 512K, 68% used [0x00000000eae00000,0x00000000eae58000,0x00000000eae80000)
  to   space 512K, 0% used [0x00000000ead00000,0x00000000ead00000,0x00000000ead80000)
 ParOldGen       total 544256K, used 543780K [0x00000000c0000000, 0x00000000e1380000, 0x00000000eab00000)
  object space 544256K, 99% used [0x00000000c0000000,0x00000000e13091d8,0x00000000e1380000)
 Metaspace       used 65827K, committed 67392K, reserved 1114112K
  class space    used 6618K, committed 7296K, reserved 1048576K
}
Event: 45.249 GC heap before
{Heap before GC invocations=1022 (full 3):
 PSYoungGen      total 2560K, used 2400K [0x00000000eab00000, 0x00000000eae80000, 0x0000000100000000)
  eden space 2048K, 100% used [0x00000000eab00000,0x00000000ead00000,0x00000000ead00000)
  from space 512K, 68% used [0x00000000eae00000,0x00000000eae58000,0x00000000eae80000)
  to   space 512K, 0% used [0x00000000ead00000,0x00000000ead00000,0x00000000ead80000)
 ParOldGen       total 544256K, used 543780K [0x00000000c0000000, 0x00000000e1380000, 0x00000000eab00000)
  object space 544256K, 99% used [0x00000000c0000000,0x00000000e13091d8,0x00000000e1380000)
 Metaspace       used 65827K, committed 67392K, reserved 1114112K
  class space    used 6618K, committed 7296K, reserved 1048576K
}
Event: 45.252 GC heap after
{Heap after GC invocations=1022 (full 3):
 PSYoungGen      total 2560K, used 512K [0x00000000eab00000, 0x00000000eaf00000, 0x0000000100000000)
  eden space 2048K, 0% used [0x00000000eab00000,0x00000000eab00000,0x00000000ead00000)
  from space 512K, 100% used [0x00000000ead00000,0x00000000ead80000,0x00000000ead80000)
  to   space 1024K, 0% used [0x00000000eae00000,0x00000000eae00000,0x00000000eaf00000)
 ParOldGen       total 544256K, used 544108K [0x00000000c0000000, 0x00000000e1380000, 0x00000000eab00000)
  object space 544256K, 99% used [0x00000000c0000000,0x00000000e135b1d8,0x00000000e1380000)
 Metaspace       used 65827K, committed 67392K, reserved 1114112K
  class space    used 6618K, committed 7296K, reserved 1048576K
}

